# JRE version: Java(TM) SE Runtime Environment (8.0_191-b12) (build 1.8.0_191-b12)
# Java VM: Java HotSpot(TM) 64-Bit Server VM (25.191-b12 mixed mode linux-amd64 compressed oops)
Heap:
 PSYoungGen      total 98816K, used 0K [0x00000000d7100000, 0x00000000de080000, 0x0000000100000000)
  eden space 90624K, 0% used [0x00000000d7100000,0x00000000d7100000,0x00000000dc980000)
  from space 8192K, 0% used [0x00000000dd880000,0x00000000dd880000,0x00000000de080000)
  to   space 10752K, 0% used [0x00000000dcb80000,0x00000000dcb80000,0x00000000dd600000)
 ParOldGen       total 55808K, used 11583K [0x0000000085200000, 0x0000000088880000, 0x00000000d7100000)
  object space 55808K, 20% used [0x0000000085200000,0x0000000085d4fff8,0x0000000088880000)
 Metaspace       used 34587K, capacity 35028K, committed 35456K, reserved 1079296K
  class space    used 4718K, capacity 4872K, committed 4992K, reserved 1048576K
GC Heap History (10 events):
Event: 0.873 GC heap after
Heap after GC invocations=3 (full 0):
 PSYoungGen      total 36864K, used 5096K [0x00000000d7100000, 0x00000000db900000, 0x0000000100000000)
  eden space 31744K, 0% used [0x00000000d7100000,0x00000000d7100000,0x00000000d9000000)
  from space 5120K, 99% used [0x00000000d9000000,0x00000000d94fa3e0,0x00000000d9500000)
  to   space 5120K, 0% used [0x00000000db400000,0x00000000db400000,0x00000000db900000)
 ParOldGen       total 84992K, used 1809K [0x0000000085200000, 0x000000008a500000, 0x00000000d7100000)
  object space 84992K, 2% used [0x0000000085200000,0x00000000853c44d0,0x000000008a500000)
 Metaspace       used 17761K, capacity 18034K, committed 18304K, reserved 1064960K
  class space    used 2302K, capacity 2392K, committed 2432K, reserved 1048576K
}
Event: 1.029 GC heap before
{Heap before GC invocations=4 (full 0):
 PSYoungGen      total 36864K, used 25659K [0x00000000d7100000, 0x00000000db900000, 0x0000000100000000)
  eden space 31744K, 64% used [0x00000000d7100000,0x00000000d8514890,0x00000000d9000000)
  from space 5120K, 99% used [0x00000000d9000000,0x00000000d94fa3e0,0x00000000d9500000)
  to   space 5120K, 0% used [0x00000000db400000,0x00000000db400000,0x00000000db900000)
 ParOldGen       total 84992K, used 1809K [0x0000000085200000, 0x000000008a500000, 0x00000000d7100000)
  object space 84992K, 2% used [0x0000000085200000,0x00000000853c44d0,0x000000008a500000)
 Metaspace       used 20764K, capacity 21052K, committed 21296K, reserved 1067008K
  class space    used 2831K, capacity 2929K, committed 2944K, reserved 1048576K
Event: 1.035 GC heap after
Heap after GC invocations=4 (full 0):
 PSYoungGen      total 68608K, used 5095K [0x00000000d7100000, 0x00000000db900000, 0x0000000100000000)
  eden space 63488K, 0% used [0x00000000d7100000,0x00000000d7100000,0x00000000daf00000)
  from space 5120K, 99% used [0x00000000db400000,0x00000000db8f9c38,0x00000000db900000)
  to   space 5120K, 0% used [0x00000000daf00000,0x00000000daf00000,0x00000000db400000)
 ParOldGen       total 84992K, used 3202K [0x0000000085200000, 0x000000008a500000, 0x00000000d7100000)
  object space 84992K, 3% used [0x0000000085200000,0x0000000085520808,0x000000008a500000)
 Metaspace       used 20764K, capacity 21052K, committed 21296K, reserved 1067008K
  class space    used 2831K, capacity 2929K, committed 2944K, reserved 1048576K
}
Event: 1.035 GC heap before
{Heap before GC invocations=5 (full 1):
 PSYoungGen      total 68608K, used 5095K [0x00000000d7100000, 0x00000000db900000, 0x0000000100000000)
  eden space 63488K, 0% used [0x00000000d7100000,0x00000000d7100000,0x00000000daf00000)
  from space 5120K, 99% used [0x00000000db400000,0x00000000db8f9c38,0x00000000db900000)
  to   space 5120K, 0% used [0x00000000daf00000,0x00000000daf00000,0x00000000db400000)
 ParOldGen       total 84992K, used 3202K [0x0000000085200000, 0x000000008a500000, 0x00000000d7100000)
  object space 84992K, 3% used [0x0000000085200000,0x0000000085520808,0x000000008a500000)
 Metaspace       used 20764K, capacity 21052K, committed 21296K, reserved 1067008K
  class space    used 2831K, capacity 2929K, committed 2944K, reserved 1048576K
Event: 1.053 GC heap after
Heap after GC invocations=5 (full 1):
 PSYoungGen      total 68608K, used 0K [0x00000000d7100000, 0x00000000db900000, 0x0000000100000000)
  eden space 63488K, 0% used [0x00000000d7100000,0x00000000d7100000,0x00000000daf00000)
  from space 5120K, 0% used [0x00000000db400000,0x00000000db400000,0x00000000db900000)
  to   space 5120K, 0% used [0x00000000daf00000,0x00000000daf00000,0x00000000db400000)
 ParOldGen       total 55808K, used 6289K [0x0000000085200000, 0x0000000088880000, 0x00000000d7100000)
  object space 55808K, 11% used [0x0000000085200000,0x0000000085824408,0x0000000088880000)
 Metaspace       used 20764K, capacity 21052K, committed 21296K, reserved 1067008K
  class space    used 2831K, capacity 2929K, committed 2944K, reserved 1048576K
}
Event: 1.741 GC heap before
{Heap before GC invocations=6 (full 1):
 PSYoungGen      total 68608K, used 63488K [0x00000000d7100000, 0x00000000db900000, 0x0000000100000000)
  eden space 63488K, 100% used [0x00000000d7100000,0x00000000daf00000,0x00000000daf00000)
  from space 5120K, 0% used [0x00000000db400000,0x00000000db400000,0x00000000db900000)
  to   space 5120K, 0% used [0x00000000daf00000,0x00000000daf00000,0x00000000db400000)
 ParOldGen       total 55808K, used 6289K [0x0000000085200000, 0x0000000088880000, 0x00000000d7100000)
  object space 55808K, 11% used [0x0000000085200000,0x0000000085824408,0x0000000088880000)
 Metaspace       used 30377K, capacity 30732K, committed 31104K, reserved 1077248K
  class space    used 4028K, capacity 4140K, committed 4224K, reserved 1048576K
Event: 1.748 GC heap after
Heap after GC invocations=6 (full 1):
 PSYoungGen      total 68608K, used 5101K [0x00000000d7100000, 0x00000000de300000, 0x0000000100000000)
  eden space 63488K, 0% used [0x00000000d7100000,0x00000000d7100000,0x00000000daf00000)
  from space 5120K, 99% used [0x00000000daf00000,0x00000000db3fb758,0x00000000db400000)
  to   space 10752K, 0% used [0x00000000dd880000,0x00000000dd880000,0x00000000de300000)
 ParOldGen       total 55808K, used 10536K [0x0000000085200000, 0x0000000088880000, 0x00000000d7100000)
  object space 55808K, 18% used [0x0000000085200000,0x0000000085c4a058,0x0000000088880000)
 Metaspace       used 30377K, capacity 30732K, committed 31104K, reserved 1077248K
  class space    used 4028K, capacity 4140K, committed 4224K, reserved 1048576K
}
Event: 14.747 GC heap before
{Heap before GC invocations=7 (full 1):
 PSYoungGen      total 68608K, used 41226K [0x00000000d7100000, 0x00000000de300000, 0x0000000100000000)
  eden space 63488K, 56% used [0x00000000d7100000,0x00000000d9447180,0x00000000daf00000)
  from space 5120K, 99% used [0x00000000daf00000,0x00000000db3fb758,0x00000000db400000)
  to   space 10752K, 0% used [0x00000000dd880000,0x00000000dd880000,0x00000000de300000)
 ParOldGen       total 55808K, used 10536K [0x0000000085200000, 0x0000000088880000, 0x00000000d7100000)
  object space 55808K, 18% used [0x0000000085200000,0x0000000085c4a058,0x0000000088880000)
 Metaspace       used 34587K, capacity 35028K, committed 35456K, reserved 1079296K
  class space    used 4718K, capacity 4872K, committed 4992K, reserved 1048576K
Event: 14.757 GC heap after
Heap after GC invocations=7 (full 1):
 PSYoungGen      total 98816K, used 7778K [0x00000000d7100000, 0x00000000de080000, 0x0000000100000000)
  eden space 90624K, 0% used [0x00000000d7100000,0x00000000d7100000,0x00000000dc980000)
  from space 8192K, 94% used [0x00000000dd880000,0x00000000de018a68,0x00000000de080000)
  to   space 10752K, 0% used [0x00000000dcb80000,0x00000000dcb80000,0x00000000dd600000)
 ParOldGen       total 55808K, used 10544K [0x0000000085200000, 0x0000000088880000, 0x00000000d7100000)
  object space 55808K, 18% used [0x0000000085200000,0x0000000085c4c058,0x0000000088880000)
 Metaspace       used 34587K, capacity 35028K, committed 35456K, reserved 1079296K
  class space    used 4718K, capacity 4872K, committed 4992K, reserved 1048576K
}
Event: 14.757 GC heap before
{Heap before GC invocations=8 (full 2):
 PSYoungGen      total 98816K, used 7778K [0x00000000d7100000, 0x00000000de080000, 0x0000000100000000)
  eden space 90624K, 0% used [0x00000000d7100000,0x00000000d7100000,0x00000000dc980000)
  from space 8192K, 94% used [0x00000000dd880000,0x00000000de018a68,0x00000000de080000)
  to   space 10752K, 0% used [0x00000000dcb80000,0x00000000dcb80000,0x00000000dd600000)
 ParOldGen       total 55808K, used 10544K [0x0000000085200000, 0x0000000088880000, 0x00000000d7100000)
  object space 55808K, 18% used [0x0000000085200000,0x0000000085c4c058,0x0000000088880000)
 Metaspace       used 34587K, capacity 35028K, committed 35456K, reserved 1079296K
  class space    used 4718K, capacity 4872K, committed 4992K, reserved 1048576K

